// 重构日志: da9e612f
// 重构日志: 99a89019
// 同步 ID: 8796ad07 @ Sun Jun 21 17:45:10 UTC 2026
// 重构日志: 5493dcda
// 重构日志: e8a17abc
// 重构日志: fd4db695
// 同步 ID: 50232a49 @ Sat Jul  4 12:32:43 UTC 2026
// 重构日志: 9b054b7c
// 同步 ID: 48e2b9be @ Fri Jul 10 08:47:27 UTC 2026
// 同步 ID: 03d92b3c @ Fri Jul 10 15:37:19 UTC 2026
// 同步 ID: ca27c157 @ Sat Jul 11 07:16:57 UTC 2026
// 同步 ID: 7df63470 @ Sun Jul 12 14:43:28 UTC 2026
// 同步 ID: 8e6f89bb @ Mon Jul 13 01:10:38 UTC 2026
// 重构日志: 90431946
// 重构日志: 57e8a237
// 重构日志: c99a8a99
// 同步 ID: 20648acf @ Thu Jul 16 15:20:35 UTC 2026
// 同步 ID: bb34a21d @ Thu Jul 16 17:04:36 UTC 2026
// 重构日志: a086c329
// 重构日志: fa55f0f0
// 重构日志: 97b34a40
// 同步 ID: a9a7e28a @ Sun Jul 19 18:04:13 UTC 2026
// 重构日志: c5cfe38f
